<?xml version="1.0" encoding="UTF-8"?>
<testsuite xmlns:xsi="http://www.w3.org/2001/XMLSchema-instance" xsi:noNamespaceSchemaLocation="https://maven.apache.org/surefire/maven-surefire-plugin/xsd/surefire-test-report.xsd" name="org.argus.example.eureka.client.Test" time="0.072" tests="1" errors="0" skipped="0" failures="0">
  <properties>
    <property name="sun.desktop" value="windows"/>
    <property name="awt.toolkit" value="sun.awt.windows.WToolkit"/>
    <property name="file.encoding.pkg" value="sun.io"/>
    <property name="java.specification.version" value="1.8"/>
    <property name="sun.cpu.isalist" value="amd64"/>
    <property name="sun.jnu.encoding" value="GBK"/>
    <property name="java.class.path" value="D:\titan\argus\argus-example\argus-example-eureka-client\target\test-classes;D:\titan\argus\argus-example\argus-example-eureka-client\target\classes;D:\repo\org\springframework\cloud\spring-cloud-starter-netflix-eureka-client\2.1.2.RELEASE\spring-cloud-starter-netflix-eureka-client-2.1.2.RELEASE.jar;D:\repo\org\springframework\cloud\spring-cloud-starter\2.1.2.RELEASE\spring-cloud-starter-2.1.2.RELEASE.jar;D:\repo\org\springframework\cloud\spring-cloud-context\2.1.2.RELEASE\spring-cloud-context-2.1.2.RELEASE.jar;D:\repo\org\springframework\security\spring-security-crypto\5.1.5.RELEASE\spring-security-crypto-5.1.5.RELEASE.jar;D:\repo\org\springframework\cloud\spring-cloud-commons\2.1.2.RELEASE\spring-cloud-commons-2.1.2.RELEASE.jar;D:\repo\org\springframework\security\spring-security-rsa\1.0.7.RELEASE\spring-security-rsa-1.0.7.RELEASE.jar;D:\repo\org\bouncycastle\bcpkix-jdk15on\1.60\bcpkix-jdk15on-1.60.jar;D:\repo\org\bouncycastle\bcprov-jdk15on\1.60\bcprov-jdk15on-1.60.jar;D:\repo\org\springframework\cloud\spring-cloud-netflix-hystrix\2.1.2.RELEASE\spring-cloud-netflix-hystrix-2.1.2.RELEASE.jar;D:\repo\org\springframework\boot\spring-boot-starter-aop\2.1.6.RELEASE\spring-boot-starter-aop-2.1.6.RELEASE.jar;D:\repo\org\springframework\cloud\spring-cloud-netflix-eureka-client\2.1.2.RELEASE\spring-cloud-netflix-eureka-client-2.1.2.RELEASE.jar;D:\repo\com\netflix\eureka\eureka-client\1.9.12\eureka-client-1.9.12.jar;D:\repo\org\codehaus\jettison\jettison\1.3.7\jettison-1.3.7.jar;D:\repo\stax\stax-api\1.0.1\stax-api-1.0.1.jar;D:\repo\com\netflix\netflix-commons\netflix-eventbus\0.3.0\netflix-eventbus-0.3.0.jar;D:\repo\com\netflix\netflix-commons\netflix-infix\0.3.0\netflix-infix-0.3.0.jar;D:\repo\commons-jxpath\commons-jxpath\1.3\commons-jxpath-1.3.jar;D:\repo\joda-time\joda-time\2.10.2\joda-time-2.10.2.jar;D:\repo\org\antlr\antlr-runtime\3.4\antlr-runtime-3.4.jar;D:\repo\org\antlr\stringtemplate\3.2.1\stringtemplate-3.2.1.jar;D:\repo\antlr\antlr\2.7.7\antlr-2.7.7.jar;D:\repo\com\google\code\gson\gson\2.8.5\gson-2.8.5.jar;D:\repo\org\apache\commons\commons-math\2.2\commons-math-2.2.jar;D:\repo\com\netflix\archaius\archaius-core\0.7.6\archaius-core-0.7.6.jar;D:\repo\javax\ws\rs\jsr311-api\1.1.1\jsr311-api-1.1.1.jar;D:\repo\com\netflix\servo\servo-core\0.12.21\servo-core-0.12.21.jar;D:\repo\com\sun\jersey\jersey-core\1.19.1\jersey-core-1.19.1.jar;D:\repo\com\sun\jersey\jersey-client\1.19.1\jersey-client-1.19.1.jar;D:\repo\com\sun\jersey\contribs\jersey-apache-client4\1.19.1\jersey-apache-client4-1.19.1.jar;D:\repo\org\apache\httpcomponents\httpclient\4.5.9\httpclient-4.5.9.jar;D:\repo\org\apache\httpcomponents\httpcore\4.4.11\httpcore-4.4.11.jar;D:\repo\commons-codec\commons-codec\1.11\commons-codec-1.11.jar;D:\repo\com\google\inject\guice\4.1.0\guice-4.1.0.jar;D:\repo\javax\inject\javax.inject\1\javax.inject-1.jar;D:\repo\aopalliance\aopalliance\1.0\aopalliance-1.0.jar;D:\repo\com\github\vlsi\compactmap\compactmap\1.2.1\compactmap-1.2.1.jar;D:\repo\com\github\andrewoma\dexx\dexx-collections\0.2\dexx-collections-0.2.jar;D:\repo\com\fasterxml\jackson\core\jackson-annotations\2.9.0\jackson-annotations-2.9.0.jar;D:\repo\com\fasterxml\jackson\core\jackson-core\2.9.9\jackson-core-2.9.9.jar;D:\repo\com\fasterxml\jackson\core\jackson-databind\2.9.9\jackson-databind-2.9.9.jar;D:\repo\com\netflix\eureka\eureka-core\1.9.12\eureka-core-1.9.12.jar;D:\repo\com\fasterxml\woodstox\woodstox-core\5.0.3\woodstox-core-5.0.3.jar;D:\repo\org\codehaus\woodstox\stax2-api\3.1.4\stax2-api-3.1.4.jar;D:\repo\org\springframework\cloud\spring-cloud-starter-netflix-archaius\2.1.2.RELEASE\spring-cloud-starter-netflix-archaius-2.1.2.RELEASE.jar;D:\repo\org\springframework\cloud\spring-cloud-netflix-archaius\2.1.2.RELEASE\spring-cloud-netflix-archaius-2.1.2.RELEASE.jar;D:\repo\commons-configuration\commons-configuration\1.8\commons-configuration-1.8.jar;D:\repo\commons-lang\commons-lang\2.6\commons-lang-2.6.jar;D:\repo\org\springframework\cloud\spring-cloud-starter-netflix-ribbon\2.1.2.RELEASE\spring-cloud-starter-netflix-ribbon-2.1.2.RELEASE.jar;D:\repo\com\netflix\ribbon\ribbon\2.3.0\ribbon-2.3.0.jar;D:\repo\com\netflix\ribbon\ribbon-transport\2.3.0\ribbon-transport-2.3.0.jar;D:\repo\io\reactivex\rxnetty-contexts\0.4.9\rxnetty-contexts-0.4.9.jar;D:\repo\io\reactivex\rxnetty-servo\0.4.9\rxnetty-servo-0.4.9.jar;D:\repo\io\reactivex\rxnetty\0.4.9\rxnetty-0.4.9.jar;D:\repo\com\netflix\ribbon\ribbon-core\2.3.0\ribbon-core-2.3.0.jar;D:\repo\com\netflix\ribbon\ribbon-httpclient\2.3.0\ribbon-httpclient-2.3.0.jar;D:\repo\commons-collections\commons-collections\3.2.2\commons-collections-3.2.2.jar;D:\repo\com\netflix\netflix-commons\netflix-commons-util\0.3.0\netflix-commons-util-0.3.0.jar;D:\repo\com\netflix\ribbon\ribbon-loadbalancer\2.3.0\ribbon-loadbalancer-2.3.0.jar;D:\repo\com\netflix\netflix-commons\netflix-statistics\0.1.1\netflix-statistics-0.1.1.jar;D:\repo\io\reactivex\rxjava\1.3.8\rxjava-1.3.8.jar;D:\repo\com\netflix\ribbon\ribbon-eureka\2.3.0\ribbon-eureka-2.3.0.jar;D:\repo\org\slf4j\slf4j-api\1.7.26\slf4j-api-1.7.26.jar;D:\repo\com\thoughtworks\xstream\xstream\1.4.10\xstream-1.4.10.jar;D:\repo\xmlpull\xmlpull\1.1.3.1\xmlpull-1.1.3.1.jar;D:\repo\xpp3\xpp3_min\1.1.4c\xpp3_min-1.1.4c.jar;D:\repo\org\springframework\boot\spring-boot-starter-web\2.1.6.RELEASE\spring-boot-starter-web-2.1.6.RELEASE.jar;D:\repo\org\springframework\boot\spring-boot-starter\2.1.6.RELEASE\spring-boot-starter-2.1.6.RELEASE.jar;D:\repo\org\springframework\boot\spring-boot\2.1.6.RELEASE\spring-boot-2.1.6.RELEASE.jar;D:\repo\org\springframework\boot\spring-boot-starter-logging\2.1.6.RELEASE\spring-boot-starter-logging-2.1.6.RELEASE.jar;D:\repo\ch\qos\logback\logback-classic\1.2.3\logback-classic-1.2.3.jar;D:\repo\ch\qos\logback\logback-core\1.2.3\logback-core-1.2.3.jar;D:\repo\org\apache\logging\log4j\log4j-to-slf4j\2.11.2\log4j-to-slf4j-2.11.2.jar;D:\repo\org\apache\logging\log4j\log4j-api\2.11.2\log4j-api-2.11.2.jar;D:\repo\org\slf4j\jul-to-slf4j\1.7.26\jul-to-slf4j-1.7.26.jar;D:\repo\javax\annotation\javax.annotation-api\1.3.2\javax.annotation-api-1.3.2.jar;D:\repo\org\springframework\spring-core\5.1.8.RELEASE\spring-core-5.1.8.RELEASE.jar;D:\repo\org\springframework\spring-jcl\5.1.8.RELEASE\spring-jcl-5.1.8.RELEASE.jar;D:\repo\org\yaml\snakeyaml\1.23\snakeyaml-1.23.jar;D:\repo\org\springframework\boot\spring-boot-starter-json\2.1.6.RELEASE\spring-boot-starter-json-2.1.6.RELEASE.jar;D:\repo\com\fasterxml\jackson\datatype\jackson-datatype-jdk8\2.9.9\jackson-datatype-jdk8-2.9.9.jar;D:\repo\com\fasterxml\jackson\datatype\jackson-datatype-jsr310\2.9.9\jackson-datatype-jsr310-2.9.9.jar;D:\repo\com\fasterxml\jackson\module\jackson-module-parameter-names\2.9.9\jackson-module-parameter-names-2.9.9.jar;D:\repo\org\springframework\boot\spring-boot-starter-tomcat\2.1.6.RELEASE\spring-boot-starter-tomcat-2.1.6.RELEASE.jar;D:\repo\org\apache\tomcat\embed\tomcat-embed-core\9.0.21\tomcat-embed-core-9.0.21.jar;D:\repo\org\apache\tomcat\embed\tomcat-embed-el\9.0.21\tomcat-embed-el-9.0.21.jar;D:\repo\org\apache\tomcat\embed\tomcat-embed-websocket\9.0.21\tomcat-embed-websocket-9.0.21.jar;D:\repo\org\hibernate\validator\hibernate-validator\6.0.17.Final\hibernate-validator-6.0.17.Final.jar;D:\repo\javax\validation\validation-api\2.0.1.Final\validation-api-2.0.1.Final.jar;D:\repo\org\jboss\logging\jboss-logging\3.3.2.Final\jboss-logging-3.3.2.Final.jar;D:\repo\com\fasterxml\classmate\1.4.0\classmate-1.4.0.jar;D:\repo\org\springframework\spring-web\5.1.8.RELEASE\spring-web-5.1.8.RELEASE.jar;D:\repo\org\springframework\spring-beans\5.1.8.RELEASE\spring-beans-5.1.8.RELEASE.jar;D:\repo\org\springframework\spring-webmvc\5.1.8.RELEASE\spring-webmvc-5.1.8.RELEASE.jar;D:\repo\org\springframework\spring-aop\5.1.8.RELEASE\spring-aop-5.1.8.RELEASE.jar;D:\repo\org\springframework\spring-context\5.1.8.RELEASE\spring-context-5.1.8.RELEASE.jar;D:\repo\org\springframework\spring-expression\5.1.8.RELEASE\spring-expression-5.1.8.RELEASE.jar;D:\titan\argus\argus-client\argus-client-2.x\target\argus-client-2.x-1.0.0.RELEASE.jar;D:\repo\org\springframework\boot\spring-boot-starter-actuator\2.1.6.RELEASE\spring-boot-starter-actuator-2.1.6.RELEASE.jar;D:\repo\org\springframework\boot\spring-boot-actuator-autoconfigure\2.1.6.RELEASE\spring-boot-actuator-autoconfigure-2.1.6.RELEASE.jar;D:\repo\org\springframework\boot\spring-boot-actuator\2.1.6.RELEASE\spring-boot-actuator-2.1.6.RELEASE.jar;D:\repo\io\micrometer\micrometer-core\1.1.5\micrometer-core-1.1.5.jar;D:\repo\org\latencyutils\LatencyUtils\2.0.3\LatencyUtils-2.0.3.jar;D:\repo\org\springframework\boot\spring-boot-autoconfigure\2.1.6.RELEASE\spring-boot-autoconfigure-2.1.6.RELEASE.jar;D:\repo\org\springframework\boot\spring-boot-autoconfigure-processor\2.1.6.RELEASE\spring-boot-autoconfigure-processor-2.1.6.RELEASE.jar;D:\repo\org\springframework\boot\spring-boot-configuration-processor\2.1.6.RELEASE\spring-boot-configuration-processor-2.1.6.RELEASE.jar;D:\repo\org\projectlombok\lombok\1.18.8\lombok-1.18.8.jar;D:\repo\org\apache\commons\commons-lang3\3.8.1\commons-lang3-3.8.1.jar;D:\repo\org\apache\maven\maven-model\3.6.0\maven-model-3.6.0.jar;D:\repo\org\codehaus\plexus\plexus-utils\3.1.0\plexus-utils-3.1.0.jar;D:\repo\org\apache\maven\shared\maven-invoker\3.0.1\maven-invoker-3.0.1.jar;D:\repo\org\apache\maven\shared\maven-shared-utils\3.2.1\maven-shared-utils-3.2.1.jar;D:\repo\org\codehaus\plexus\plexus-component-annotations\1.7.1\plexus-component-annotations-1.7.1.jar;D:\titan\argus\argus-plugin\argus-plugin-route\argus-plugin-route-spring-cloud-gateway\target\argus-plugin-route-spring-cloud-gateway-1.0.0.RELEASE.jar;D:\titan\argus\argus-plugin\argus-plugin-route\argus-plugin-route-common\target\argus-plugin-route-common-1.0.0.RELEASE.jar;D:\titan\argus\argus-util\target\argus-util-1.0.0.RELEASE.jar;D:\repo\org\codehaus\jackson\jackson-mapper-lgpl\1.7.4\jackson-mapper-lgpl-1.7.4.jar;D:\repo\org\codehaus\jackson\jackson-core-lgpl\1.7.4\jackson-core-lgpl-1.7.4.jar;D:\repo\junit\junit\4.12\junit-4.12.jar;D:\repo\org\hamcrest\hamcrest-core\1.3\hamcrest-core-1.3.jar;D:\repo\org\springframework\cloud\spring-cloud-starter-netflix-hystrix\2.1.2.RELEASE\spring-cloud-starter-netflix-hystrix-2.1.2.RELEASE.jar;D:\repo\org\springframework\cloud\spring-cloud-netflix-ribbon\2.1.2.RELEASE\spring-cloud-netflix-ribbon-2.1.2.RELEASE.jar;D:\repo\com\netflix\hystrix\hystrix-core\1.5.18\hystrix-core-1.5.18.jar;D:\repo\org\hdrhistogram\HdrHistogram\2.1.9\HdrHistogram-2.1.9.jar;D:\repo\com\netflix\hystrix\hystrix-serialization\1.5.18\hystrix-serialization-1.5.18.jar;D:\repo\com\fasterxml\jackson\module\jackson-module-afterburner\2.9.9\jackson-module-afterburner-2.9.9.jar;D:\repo\com\netflix\hystrix\hystrix-metrics-event-stream\1.5.18\hystrix-metrics-event-stream-1.5.18.jar;D:\repo\com\netflix\hystrix\hystrix-javanica\1.5.18\hystrix-javanica-1.5.18.jar;D:\repo\org\ow2\asm\asm\5.0.4\asm-5.0.4.jar;D:\repo\org\aspectj\aspectjweaver\1.9.4\aspectjweaver-1.9.4.jar;D:\repo\io\reactivex\rxjava-reactive-streams\1.2.1\rxjava-reactive-streams-1.2.1.jar;D:\repo\org\reactivestreams\reactive-streams\1.0.2\reactive-streams-1.0.2.jar;D:\repo\org\reflections\reflections\0.9.11\reflections-0.9.11.jar;D:\repo\com\google\guava\guava\28.0-jre\guava-28.0-jre.jar;D:\repo\com\google\guava\failureaccess\1.0.1\failureaccess-1.0.1.jar;D:\repo\com\google\guava\listenablefuture\9999.0-empty-to-avoid-conflict-with-guava\listenablefuture-9999.0-empty-to-avoid-conflict-with-guava.jar;D:\repo\com\google\code\findbugs\jsr305\3.0.2\jsr305-3.0.2.jar;D:\repo\org\checkerframework\checker-qual\2.8.1\checker-qual-2.8.1.jar;D:\repo\com\google\errorprone\error_prone_annotations\2.3.2\error_prone_annotations-2.3.2.jar;D:\repo\com\google\j2objc\j2objc-annotations\1.3\j2objc-annotations-1.3.jar;D:\repo\org\codehaus\mojo\animal-sniffer-annotations\1.17\animal-sniffer-annotations-1.17.jar;D:\repo\org\javassist\javassist\3.21.0-GA\javassist-3.21.0-GA.jar;D:\titan\argus\argus-plugin\argus-plugin-fallback\argus-plugin-fallback-hystrix\target\argus-plugin-fallback-hystrix-1.0.0.RELEASE.jar;D:\titan\argus\argus-plugin\argus-plugin-fallback\argus-plugin-fallback-common\target\argus-plugin-fallback-common-1.0.0.RELEASE.jar;D:\repo\org\jodd\jodd-core\5.0.13\jodd-core-5.0.13.jar;D:\repo\com\alibaba\fastjson\1.2.55\fastjson-1.2.55.jar;D:\repo\commons-io\commons-io\2.6\commons-io-2.6.jar;D:\repo\org\springframework\boot\spring-boot-starter-data-redis\2.1.6.RELEASE\spring-boot-starter-data-redis-2.1.6.RELEASE.jar;D:\repo\org\springframework\data\spring-data-redis\2.1.9.RELEASE\spring-data-redis-2.1.9.RELEASE.jar;D:\repo\org\springframework\data\spring-data-keyvalue\2.1.9.RELEASE\spring-data-keyvalue-2.1.9.RELEASE.jar;D:\repo\org\springframework\spring-tx\5.1.8.RELEASE\spring-tx-5.1.8.RELEASE.jar;D:\repo\org\springframework\spring-oxm\5.1.8.RELEASE\spring-oxm-5.1.8.RELEASE.jar;D:\repo\org\springframework\spring-context-support\5.1.8.RELEASE\spring-context-support-5.1.8.RELEASE.jar;D:\repo\io\lettuce\lettuce-core\5.1.7.RELEASE\lettuce-core-5.1.7.RELEASE.jar;D:\repo\io\netty\netty-common\4.1.36.Final\netty-common-4.1.36.Final.jar;D:\repo\io\netty\netty-handler\4.1.36.Final\netty-handler-4.1.36.Final.jar;D:\repo\io\netty\netty-buffer\4.1.36.Final\netty-buffer-4.1.36.Final.jar;D:\repo\io\netty\netty-codec\4.1.36.Final\netty-codec-4.1.36.Final.jar;D:\repo\io\netty\netty-transport\4.1.36.Final\netty-transport-4.1.36.Final.jar;D:\repo\io\netty\netty-resolver\4.1.36.Final\netty-resolver-4.1.36.Final.jar;D:\repo\io\projectreactor\reactor-core\3.2.10.RELEASE\reactor-core-3.2.10.RELEASE.jar;D:\repo\org\springframework\boot\spring-boot-starter-data-mongodb\2.1.6.RELEASE\spring-boot-starter-data-mongodb-2.1.6.RELEASE.jar;D:\repo\org\mongodb\mongodb-driver\3.8.2\mongodb-driver-3.8.2.jar;D:\repo\org\mongodb\bson\3.8.2\bson-3.8.2.jar;D:\repo\org\mongodb\mongodb-driver-core\3.8.2\mongodb-driver-core-3.8.2.jar;D:\repo\org\springframework\data\spring-data-mongodb\2.1.9.RELEASE\spring-data-mongodb-2.1.9.RELEASE.jar;D:\repo\org\springframework\data\spring-data-commons\2.1.9.RELEASE\spring-data-commons-2.1.9.RELEASE.jar;"/>
    <property name="java.vm.vendor" value="Oracle Corporation"/>
    <property name="sun.arch.data.model" value="64"/>
    <property name="user.variant" value=""/>
    <property name="java.vendor.url" value="http://java.oracle.com/"/>
    <property name="user.timezone" value="Asia/Shanghai"/>
    <property name="java.vm.specification.version" value="1.8"/>
    <property name="os.name" value="Windows 10"/>
    <property name="user.country" value="CN"/>
    <property name="sun.java.launcher" value="SUN_STANDARD"/>
    <property name="sun.boot.library.path" value="C:\Program Files\Java\jdk1.8.0_211\jre\bin"/>
    <property name="sun.java.command" value="C:\Users\eaphone\AppData\Local\Temp\surefire9140160764683490966\surefirebooter7848466864418630951.jar C:\Users\eaphone\AppData\Local\Temp\surefire9140160764683490966 2019-09-06T18-58-44_506-jvmRun1 surefire8803403742783142649tmp surefire_07187434872587900466tmp"/>
    <property name="surefire.test.class.path" value="D:\titan\argus\argus-example\argus-example-eureka-client\target\test-classes;D:\titan\argus\argus-example\argus-example-eureka-client\target\classes;D:\repo\org\springframework\cloud\spring-cloud-starter-netflix-eureka-client\2.1.2.RELEASE\spring-cloud-starter-netflix-eureka-client-2.1.2.RELEASE.jar;D:\repo\org\springframework\cloud\spring-cloud-starter\2.1.2.RELEASE\spring-cloud-starter-2.1.2.RELEASE.jar;D:\repo\org\springframework\cloud\spring-cloud-context\2.1.2.RELEASE\spring-cloud-context-2.1.2.RELEASE.jar;D:\repo\org\springframework\security\spring-security-crypto\5.1.5.RELEASE\spring-security-crypto-5.1.5.RELEASE.jar;D:\repo\org\springframework\cloud\spring-cloud-commons\2.1.2.RELEASE\spring-cloud-commons-2.1.2.RELEASE.jar;D:\repo\org\springframework\security\spring-security-rsa\1.0.7.RELEASE\spring-security-rsa-1.0.7.RELEASE.jar;D:\repo\org\bouncycastle\bcpkix-jdk15on\1.60\bcpkix-jdk15on-1.60.jar;D:\repo\org\bouncycastle\bcprov-jdk15on\1.60\bcprov-jdk15on-1.60.jar;D:\repo\org\springframework\cloud\spring-cloud-netflix-hystrix\2.1.2.RELEASE\spring-cloud-netflix-hystrix-2.1.2.RELEASE.jar;D:\repo\org\springframework\boot\spring-boot-starter-aop\2.1.6.RELEASE\spring-boot-starter-aop-2.1.6.RELEASE.jar;D:\repo\org\springframework\cloud\spring-cloud-netflix-eureka-client\2.1.2.RELEASE\spring-cloud-netflix-eureka-client-2.1.2.RELEASE.jar;D:\repo\com\netflix\eureka\eureka-client\1.9.12\eureka-client-1.9.12.jar;D:\repo\org\codehaus\jettison\jettison\1.3.7\jettison-1.3.7.jar;D:\repo\stax\stax-api\1.0.1\stax-api-1.0.1.jar;D:\repo\com\netflix\netflix-commons\netflix-eventbus\0.3.0\netflix-eventbus-0.3.0.jar;D:\repo\com\netflix\netflix-commons\netflix-infix\0.3.0\netflix-infix-0.3.0.jar;D:\repo\commons-jxpath\commons-jxpath\1.3\commons-jxpath-1.3.jar;D:\repo\joda-time\joda-time\2.10.2\joda-time-2.10.2.jar;D:\repo\org\antlr\antlr-runtime\3.4\antlr-runtime-3.4.jar;D:\repo\org\antlr\stringtemplate\3.2.1\stringtemplate-3.2.1.jar;D:\repo\antlr\antlr\2.7.7\antlr-2.7.7.jar;D:\repo\com\google\code\gson\gson\2.8.5\gson-2.8.5.jar;D:\repo\org\apache\commons\commons-math\2.2\commons-math-2.2.jar;D:\repo\com\netflix\archaius\archaius-core\0.7.6\archaius-core-0.7.6.jar;D:\repo\javax\ws\rs\jsr311-api\1.1.1\jsr311-api-1.1.1.jar;D:\repo\com\netflix\servo\servo-core\0.12.21\servo-core-0.12.21.jar;D:\repo\com\sun\jersey\jersey-core\1.19.1\jersey-core-1.19.1.jar;D:\repo\com\sun\jersey\jersey-client\1.19.1\jersey-client-1.19.1.jar;D:\repo\com\sun\jersey\contribs\jersey-apache-client4\1.19.1\jersey-apache-client4-1.19.1.jar;D:\repo\org\apache\httpcomponents\httpclient\4.5.9\httpclient-4.5.9.jar;D:\repo\org\apache\httpcomponents\httpcore\4.4.11\httpcore-4.4.11.jar;D:\repo\commons-codec\commons-codec\1.11\commons-codec-1.11.jar;D:\repo\com\google\inject\guice\4.1.0\guice-4.1.0.jar;D:\repo\javax\inject\javax.inject\1\javax.inject-1.jar;D:\repo\aopalliance\aopalliance\1.0\aopalliance-1.0.jar;D:\repo\com\github\vlsi\compactmap\compactmap\1.2.1\compactmap-1.2.1.jar;D:\repo\com\github\andrewoma\dexx\dexx-collections\0.2\dexx-collections-0.2.jar;D:\repo\com\fasterxml\jackson\core\jackson-annotations\2.9.0\jackson-annotations-2.9.0.jar;D:\repo\com\fasterxml\jackson\core\jackson-core\2.9.9\jackson-core-2.9.9.jar;D:\repo\com\fasterxml\jackson\core\jackson-databind\2.9.9\jackson-databind-2.9.9.jar;D:\repo\com\netflix\eureka\eureka-core\1.9.12\eureka-core-1.9.12.jar;D:\repo\com\fasterxml\woodstox\woodstox-core\5.0.3\woodstox-core-5.0.3.jar;D:\repo\org\codehaus\woodstox\stax2-api\3.1.4\stax2-api-3.1.4.jar;D:\repo\org\springframework\cloud\spring-cloud-starter-netflix-archaius\2.1.2.RELEASE\spring-cloud-starter-netflix-archaius-2.1.2.RELEASE.jar;D:\repo\org\springframework\cloud\spring-cloud-netflix-archaius\2.1.2.RELEASE\spring-cloud-netflix-archaius-2.1.2.RELEASE.jar;D:\repo\commons-configuration\commons-configuration\1.8\commons-configuration-1.8.jar;D:\repo\commons-lang\commons-lang\2.6\commons-lang-2.6.jar;D:\repo\org\springframework\cloud\spring-cloud-starter-netflix-ribbon\2.1.2.RELEASE\spring-cloud-starter-netflix-ribbon-2.1.2.RELEASE.jar;D:\repo\com\netflix\ribbon\ribbon\2.3.0\ribbon-2.3.0.jar;D:\repo\com\netflix\ribbon\ribbon-transport\2.3.0\ribbon-transport-2.3.0.jar;D:\repo\io\reactivex\rxnetty-contexts\0.4.9\rxnetty-contexts-0.4.9.jar;D:\repo\io\reactivex\rxnetty-servo\0.4.9\rxnetty-servo-0.4.9.jar;D:\repo\io\reactivex\rxnetty\0.4.9\rxnetty-0.4.9.jar;D:\repo\com\netflix\ribbon\ribbon-core\2.3.0\ribbon-core-2.3.0.jar;D:\repo\com\netflix\ribbon\ribbon-httpclient\2.3.0\ribbon-httpclient-2.3.0.jar;D:\repo\commons-collections\commons-collections\3.2.2\commons-collections-3.2.2.jar;D:\repo\com\netflix\netflix-commons\netflix-commons-util\0.3.0\netflix-commons-util-0.3.0.jar;D:\repo\com\netflix\ribbon\ribbon-loadbalancer\2.3.0\ribbon-loadbalancer-2.3.0.jar;D:\repo\com\netflix\netflix-commons\netflix-statistics\0.1.1\netflix-statistics-0.1.1.jar;D:\repo\io\reactivex\rxjava\1.3.8\rxjava-1.3.8.jar;D:\repo\com\netflix\ribbon\ribbon-eureka\2.3.0\ribbon-eureka-2.3.0.jar;D:\repo\org\slf4j\slf4j-api\1.7.26\slf4j-api-1.7.26.jar;D:\repo\com\thoughtworks\xstream\xstream\1.4.10\xstream-1.4.10.jar;D:\repo\xmlpull\xmlpull\1.1.3.1\xmlpull-1.1.3.1.jar;D:\repo\xpp3\xpp3_min\1.1.4c\xpp3_min-1.1.4c.jar;D:\repo\org\springframework\boot\spring-boot-starter-web\2.1.6.RELEASE\spring-boot-starter-web-2.1.6.RELEASE.jar;D:\repo\org\springframework\boot\spring-boot-starter\2.1.6.RELEASE\spring-boot-starter-2.1.6.RELEASE.jar;D:\repo\org\springframework\boot\spring-boot\2.1.6.RELEASE\spring-boot-2.1.6.RELEASE.jar;D:\repo\org\springframework\boot\spring-boot-starter-logging\2.1.6.RELEASE\spring-boot-starter-logging-2.1.6.RELEASE.jar;D:\repo\ch\qos\logback\logback-classic\1.2.3\logback-classic-1.2.3.jar;D:\repo\ch\qos\logback\logback-core\1.2.3\logback-core-1.2.3.jar;D:\repo\org\apache\logging\log4j\log4j-to-slf4j\2.11.2\log4j-to-slf4j-2.11.2.jar;D:\repo\org\apache\logging\log4j\log4j-api\2.11.2\log4j-api-2.11.2.jar;D:\repo\org\slf4j\jul-to-slf4j\1.7.26\jul-to-slf4j-1.7.26.jar;D:\repo\javax\annotation\javax.annotation-api\1.3.2\javax.annotation-api-1.3.2.jar;D:\repo\org\springframework\spring-core\5.1.8.RELEASE\spring-core-5.1.8.RELEASE.jar;D:\repo\org\springframework\spring-jcl\5.1.8.RELEASE\spring-jcl-5.1.8.RELEASE.jar;D:\repo\org\yaml\snakeyaml\1.23\snakeyaml-1.23.jar;D:\repo\org\springframework\boot\spring-boot-starter-json\2.1.6.RELEASE\spring-boot-starter-json-2.1.6.RELEASE.jar;D:\repo\com\fasterxml\jackson\datatype\jackson-datatype-jdk8\2.9.9\jackson-datatype-jdk8-2.9.9.jar;D:\repo\com\fasterxml\jackson\datatype\jackson-datatype-jsr310\2.9.9\jackson-datatype-jsr310-2.9.9.jar;D:\repo\com\fasterxml\jackson\module\jackson-module-parameter-names\2.9.9\jackson-module-parameter-names-2.9.9.jar;D:\repo\org\springframework\boot\spring-boot-starter-tomcat\2.1.6.RELEASE\spring-boot-starter-tomcat-2.1.6.RELEASE.jar;D:\repo\org\apache\tomcat\embed\tomcat-embed-core\9.0.21\tomcat-embed-core-9.0.21.jar;D:\repo\org\apache\tomcat\embed\tomcat-embed-el\9.0.21\tomcat-embed-el-9.0.21.jar;D:\repo\org\apache\tomcat\embed\tomcat-embed-websocket\9.0.21\tomcat-embed-websocket-9.0.21.jar;D:\repo\org\hibernate\validator\hibernate-validator\6.0.17.Final\hibernate-validator-6.0.17.Final.jar;D:\repo\javax\validation\validation-api\2.0.1.Final\validation-api-2.0.1.Final.jar;D:\repo\org\jboss\logging\jboss-logging\3.3.2.Final\jboss-logging-3.3.2.Final.jar;D:\repo\com\fasterxml\classmate\1.4.0\classmate-1.4.0.jar;D:\repo\org\springframework\spring-web\5.1.8.RELEASE\spring-web-5.1.8.RELEASE.jar;D:\repo\org\springframework\spring-beans\5.1.8.RELEASE\spring-beans-5.1.8.RELEASE.jar;D:\repo\org\springframework\spring-webmvc\5.1.8.RELEASE\spring-webmvc-5.1.8.RELEASE.jar;D:\repo\org\springframework\spring-aop\5.1.8.RELEASE\spring-aop-5.1.8.RELEASE.jar;D:\repo\org\springframework\spring-context\5.1.8.RELEASE\spring-context-5.1.8.RELEASE.jar;D:\repo\org\springframework\spring-expression\5.1.8.RELEASE\spring-expression-5.1.8.RELEASE.jar;D:\titan\argus\argus-client\argus-client-2.x\target\argus-client-2.x-1.0.0.RELEASE.jar;D:\repo\org\springframework\boot\spring-boot-starter-actuator\2.1.6.RELEASE\spring-boot-starter-actuator-2.1.6.RELEASE.jar;D:\repo\org\springframework\boot\spring-boot-actuator-autoconfigure\2.1.6.RELEASE\spring-boot-actuator-autoconfigure-2.1.6.RELEASE.jar;D:\repo\org\springframework\boot\spring-boot-actuator\2.1.6.RELEASE\spring-boot-actuator-2.1.6.RELEASE.jar;D:\repo\io\micrometer\micrometer-core\1.1.5\micrometer-core-1.1.5.jar;D:\repo\org\latencyutils\LatencyUtils\2.0.3\LatencyUtils-2.0.3.jar;D:\repo\org\springframework\boot\spring-boot-autoconfigure\2.1.6.RELEASE\spring-boot-autoconfigure-2.1.6.RELEASE.jar;D:\repo\org\springframework\boot\spring-boot-autoconfigure-processor\2.1.6.RELEASE\spring-boot-autoconfigure-processor-2.1.6.RELEASE.jar;D:\repo\org\springframework\boot\spring-boot-configuration-processor\2.1.6.RELEASE\spring-boot-configuration-processor-2.1.6.RELEASE.jar;D:\repo\org\projectlombok\lombok\1.18.8\lombok-1.18.8.jar;D:\repo\org\apache\commons\commons-lang3\3.8.1\commons-lang3-3.8.1.jar;D:\repo\org\apache\maven\maven-model\3.6.0\maven-model-3.6.0.jar;D:\repo\org\codehaus\plexus\plexus-utils\3.1.0\plexus-utils-3.1.0.jar;D:\repo\org\apache\maven\shared\maven-invoker\3.0.1\maven-invoker-3.0.1.jar;D:\repo\org\apache\maven\shared\maven-shared-utils\3.2.1\maven-shared-utils-3.2.1.jar;D:\repo\org\codehaus\plexus\plexus-component-annotations\1.7.1\plexus-component-annotations-1.7.1.jar;D:\titan\argus\argus-plugin\argus-plugin-route\argus-plugin-route-spring-cloud-gateway\target\argus-plugin-route-spring-cloud-gateway-1.0.0.RELEASE.jar;D:\titan\argus\argus-plugin\argus-plugin-route\argus-plugin-route-common\target\argus-plugin-route-common-1.0.0.RELEASE.jar;D:\titan\argus\argus-util\target\argus-util-1.0.0.RELEASE.jar;D:\repo\org\codehaus\jackson\jackson-mapper-lgpl\1.7.4\jackson-mapper-lgpl-1.7.4.jar;D:\repo\org\codehaus\jackson\jackson-core-lgpl\1.7.4\jackson-core-lgpl-1.7.4.jar;D:\repo\junit\junit\4.12\junit-4.12.jar;D:\repo\org\hamcrest\hamcrest-core\1.3\hamcrest-core-1.3.jar;D:\repo\org\springframework\cloud\spring-cloud-starter-netflix-hystrix\2.1.2.RELEASE\spring-cloud-starter-netflix-hystrix-2.1.2.RELEASE.jar;D:\repo\org\springframework\cloud\spring-cloud-netflix-ribbon\2.1.2.RELEASE\spring-cloud-netflix-ribbon-2.1.2.RELEASE.jar;D:\repo\com\netflix\hystrix\hystrix-core\1.5.18\hystrix-core-1.5.18.jar;D:\repo\org\hdrhistogram\HdrHistogram\2.1.9\HdrHistogram-2.1.9.jar;D:\repo\com\netflix\hystrix\hystrix-serialization\1.5.18\hystrix-serialization-1.5.18.jar;D:\repo\com\fasterxml\jackson\module\jackson-module-afterburner\2.9.9\jackson-module-afterburner-2.9.9.jar;D:\repo\com\netflix\hystrix\hystrix-metrics-event-stream\1.5.18\hystrix-metrics-event-stream-1.5.18.jar;D:\repo\com\netflix\hystrix\hystrix-javanica\1.5.18\hystrix-javanica-1.5.18.jar;D:\repo\org\ow2\asm\asm\5.0.4\asm-5.0.4.jar;D:\repo\org\aspectj\aspectjweaver\1.9.4\aspectjweaver-1.9.4.jar;D:\repo\io\reactivex\rxjava-reactive-streams\1.2.1\rxjava-reactive-streams-1.2.1.jar;D:\repo\org\reactivestreams\reactive-streams\1.0.2\reactive-streams-1.0.2.jar;D:\repo\org\reflections\reflections\0.9.11\reflections-0.9.11.jar;D:\repo\com\google\guava\guava\28.0-jre\guava-28.0-jre.jar;D:\repo\com\google\guava\failureaccess\1.0.1\failureaccess-1.0.1.jar;D:\repo\com\google\guava\listenablefuture\9999.0-empty-to-avoid-conflict-with-guava\listenablefuture-9999.0-empty-to-avoid-conflict-with-guava.jar;D:\repo\com\google\code\findbugs\jsr305\3.0.2\jsr305-3.0.2.jar;D:\repo\org\checkerframework\checker-qual\2.8.1\checker-qual-2.8.1.jar;D:\repo\com\google\errorprone\error_prone_annotations\2.3.2\error_prone_annotations-2.3.2.jar;D:\repo\com\google\j2objc\j2objc-annotations\1.3\j2objc-annotations-1.3.jar;D:\repo\org\codehaus\mojo\animal-sniffer-annotations\1.17\animal-sniffer-annotations-1.17.jar;D:\repo\org\javassist\javassist\3.21.0-GA\javassist-3.21.0-GA.jar;D:\titan\argus\argus-plugin\argus-plugin-fallback\argus-plugin-fallback-hystrix\target\argus-plugin-fallback-hystrix-1.0.0.RELEASE.jar;D:\titan\argus\argus-plugin\argus-plugin-fallback\argus-plugin-fallback-common\target\argus-plugin-fallback-common-1.0.0.RELEASE.jar;D:\repo\org\jodd\jodd-core\5.0.13\jodd-core-5.0.13.jar;D:\repo\com\alibaba\fastjson\1.2.55\fastjson-1.2.55.jar;D:\repo\commons-io\commons-io\2.6\commons-io-2.6.jar;D:\repo\org\springframework\boot\spring-boot-starter-data-redis\2.1.6.RELEASE\spring-boot-starter-data-redis-2.1.6.RELEASE.jar;D:\repo\org\springframework\data\spring-data-redis\2.1.9.RELEASE\spring-data-redis-2.1.9.RELEASE.jar;D:\repo\org\springframework\data\spring-data-keyvalue\2.1.9.RELEASE\spring-data-keyvalue-2.1.9.RELEASE.jar;D:\repo\org\springframework\spring-tx\5.1.8.RELEASE\spring-tx-5.1.8.RELEASE.jar;D:\repo\org\springframework\spring-oxm\5.1.8.RELEASE\spring-oxm-5.1.8.RELEASE.jar;D:\repo\org\springframework\spring-context-support\5.1.8.RELEASE\spring-context-support-5.1.8.RELEASE.jar;D:\repo\io\lettuce\lettuce-core\5.1.7.RELEASE\lettuce-core-5.1.7.RELEASE.jar;D:\repo\io\netty\netty-common\4.1.36.Final\netty-common-4.1.36.Final.jar;D:\repo\io\netty\netty-handler\4.1.36.Final\netty-handler-4.1.36.Final.jar;D:\repo\io\netty\netty-buffer\4.1.36.Final\netty-buffer-4.1.36.Final.jar;D:\repo\io\netty\netty-codec\4.1.36.Final\netty-codec-4.1.36.Final.jar;D:\repo\io\netty\netty-transport\4.1.36.Final\netty-transport-4.1.36.Final.jar;D:\repo\io\netty\netty-resolver\4.1.36.Final\netty-resolver-4.1.36.Final.jar;D:\repo\io\projectreactor\reactor-core\3.2.10.RELEASE\reactor-core-3.2.10.RELEASE.jar;D:\repo\org\springframework\boot\spring-boot-starter-data-mongodb\2.1.6.RELEASE\spring-boot-starter-data-mongodb-2.1.6.RELEASE.jar;D:\repo\org\mongodb\mongodb-driver\3.8.2\mongodb-driver-3.8.2.jar;D:\repo\org\mongodb\bson\3.8.2\bson-3.8.2.jar;D:\repo\org\mongodb\mongodb-driver-core\3.8.2\mongodb-driver-core-3.8.2.jar;D:\repo\org\springframework\data\spring-data-mongodb\2.1.9.RELEASE\spring-data-mongodb-2.1.9.RELEASE.jar;D:\repo\org\springframework\data\spring-data-commons\2.1.9.RELEASE\spring-data-commons-2.1.9.RELEASE.jar;"/>
    <property name="sun.cpu.endian" value="little"/>
    <property name="user.home" value="C:\Users\eaphone"/>
    <property name="user.language" value="zh"/>
    <property name="java.specification.vendor" value="Oracle Corporation"/>
    <property name="java.home" value="C:\Program Files\Java\jdk1.8.0_211\jre"/>
    <property name="basedir" value="D:\titan\argus\argus-example\argus-example-eureka-client"/>
    <property name="file.separator" value="\"/>
    <property name="line.separator" value="&#10;"/>
    <property name="java.vm.specification.vendor" value="Oracle Corporation"/>
    <property name="java.specification.name" value="Java Platform API Specification"/>
    <property name="java.awt.graphicsenv" value="sun.awt.Win32GraphicsEnvironment"/>
    <property name="surefire.real.class.path" value="C:\Users\eaphone\AppData\Local\Temp\surefire9140160764683490966\surefirebooter7848466864418630951.jar"/>
    <property name="sun.boot.class.path" value="C:\Program Files\Java\jdk1.8.0_211\jre\lib\resources.jar;C:\Program Files\Java\jdk1.8.0_211\jre\lib\rt.jar;C:\Program Files\Java\jdk1.8.0_211\jre\lib\sunrsasign.jar;C:\Program Files\Java\jdk1.8.0_211\jre\lib\jsse.jar;C:\Program Files\Java\jdk1.8.0_211\jre\lib\jce.jar;C:\Program Files\Java\jdk1.8.0_211\jre\lib\charsets.jar;C:\Program Files\Java\jdk1.8.0_211\jre\lib\jfr.jar;C:\Program Files\Java\jdk1.8.0_211\jre\classes"/>
    <property name="user.script" value=""/>
    <property name="sun.management.compiler" value="HotSpot 64-Bit Tiered Compilers"/>
    <property name="java.runtime.version" value="1.8.0_211-b12"/>
    <property name="user.name" value="eaphone"/>
    <property name="path.separator" value=";"/>
    <property name="os.version" value="10.0"/>
    <property name="java.endorsed.dirs" value="C:\Program Files\Java\jdk1.8.0_211\jre\lib\endorsed"/>
    <property name="java.runtime.name" value="Java(TM) SE Runtime Environment"/>
    <property name="file.encoding" value="GBK"/>
    <property name="java.vm.name" value="Java HotSpot(TM) 64-Bit Server VM"/>
    <property name="localRepository" value="D:\repo"/>
    <property name="java.vendor.url.bug" value="http://bugreport.sun.com/bugreport/"/>
    <property name="java.io.tmpdir" value="C:\Users\eaphone\AppData\Local\Temp\"/>
    <property name="java.version" value="1.8.0_211"/>
    <property name="user.dir" value="D:\titan\argus\argus-example\argus-example-eureka-client"/>
    <property name="os.arch" value="amd64"/>
    <property name="java.vm.specification.name" value="Java Virtual Machine Specification"/>
    <property name="java.awt.printerjob" value="sun.awt.windows.WPrinterJob"/>
    <property name="idea.version2019.1.2" value="true"/>
    <property name="sun.os.patch.level" value=""/>
    <property name="java.library.path" value="C:\Program Files\Java\jdk1.8.0_211\jre\bin;C:\Windows\Sun\Java\bin;C:\Windows\system32;C:\Windows;C:\Program Files (x86)\Common Files\Oracle\Java\javapath;D:\Program Files\;C:\Windows\system32;C:\Windows;C:\Windows\System32\Wbem;C:\Windows\System32\WindowsPowerShell\v1.0\;C:\Windows\System32\OpenSSH\;C:\Program Files\TortoiseSVN\bin;D:\Program Files\apache-tomcat-8.5.38\bin;C:\Program Files\Git\cmd;D:\Program Files\Process Lasso\;%JAVA_HOME%\jre\bin;%GRADLE_HOME%\bin;D:\Program Files\MongoDB\Server\4.0\bin;D:\chromedriver.exe;D:\protoc\bin;D:\go\bin;D:\Python27;D:\maven\apache-maven-3.6.1\bin;C:\Program Files (x86)\Yarn\bin\;D:\AppData\Roaming\nvm;D:\Program Files\nodejs;C:\Program Files\nodejs\;;C:\Users\eaphone\AppData\Local\Programs\Microsoft VS Code\bin;C:\Users\eaphone\AppData\Local\Yarn\bin;D:\AppData\Roaming\nvm;D:\Program Files\nodejs;C:\Users\eaphone\AppData\Roaming\npm;."/>
    <property name="java.vm.info" value="mixed mode"/>
    <property name="java.vendor" value="Oracle Corporation"/>
    <property name="java.vm.version" value="25.211-b12"/>
    <property name="java.ext.dirs" value="C:\Program Files\Java\jdk1.8.0_211\jre\lib\ext;C:\Windows\Sun\Java\lib\ext"/>
    <property name="sun.io.unicode.encoding" value="UnicodeLittle"/>
    <property name="maven.repo.local" value="D:\repo"/>
    <property name="java.class.version" value="52.0"/>
  </properties>
  <testcase name="test" classname="org.argus.example.eureka.client.Test" time="0.007"/>
</testsuite>